<?xml version="1.0" encoding="UTF-8"?>
<!-- Generated by org.testng.reporters.JUnitXMLReporter -->
<testsuite ignored="0" hostname="LAPTOP-C7EHRFH9" failures="0" tests="3" name="Test3" time="0.14" errors="0" timestamp="2023-05-18T23:34:58 IST">
  <testcase classname="testngCrossbrowsrparallelExecu.baseclass" name="@BeforeClass ClassConfig" time="-1.684433098118E9">
    <failure type="org.testng.TestNGException" message="
Parameter &amp;apos;Browser&amp;apos; is required by BeforeClass on method ClassConfig but has not been marked @Optional or defined
in C:\Users\Zuhail\eclipse-workspace\Automation\testngppppp.xml">
      <![CDATA[org.testng.TestNGException: 
Parameter 'Browser' is required by BeforeClass on method ClassConfig but has not been marked @Optional or defined
in C:\Users\Zuhail\eclipse-workspace\Automation\testngppppp.xml
at java.base/java.util.ArrayList.forEach(ArrayList.java:1511)
at java.base/java.util.concurrent.FutureTask.run(FutureTask.java:264)
at java.base/java.util.concurrent.ThreadPoolExecutor.runWorker(ThreadPoolExecutor.java:1136)
at java.base/java.util.concurrent.ThreadPoolExecutor$Worker.run(ThreadPoolExecutor.java:635)
at java.base/java.lang.Thread.run(Thread.java:833)
... Removed 13 stack frames]]>
    </failure>
  </testcase> <!-- @BeforeClass ClassConfig -->
  <testcase classname="testngCrossbrowsrparallelExecu.baseclass" name="@AfterMethod Classteardown" time="-1.684433098178E9">
    <skipped/>
  </testcase> <!-- @AfterMethod Classteardown -->
  <testcase classname="testngCrossbrowsrparallelExecu.baseclass" name="@BeforeClass ClassConfig" time="-1.684433098184E9">
    <failure type="org.testng.TestNGException" message="
Parameter &amp;apos;Browser&amp;apos; is required by BeforeClass on method ClassConfig but has not been marked @Optional or defined
in C:\Users\Zuhail\eclipse-workspace\Automation\testngppppp.xml">
      <![CDATA[org.testng.TestNGException: 
Parameter 'Browser' is required by BeforeClass on method ClassConfig but has not been marked @Optional or defined
in C:\Users\Zuhail\eclipse-workspace\Automation\testngppppp.xml
at java.base/java.util.ArrayList.forEach(ArrayList.java:1511)
at java.base/java.util.concurrent.FutureTask.run(FutureTask.java:264)
at java.base/java.util.concurrent.ThreadPoolExecutor.runWorker(ThreadPoolExecutor.java:1136)
at java.base/java.util.concurrent.ThreadPoolExecutor$Worker.run(ThreadPoolExecutor.java:635)
at java.base/java.lang.Thread.run(Thread.java:833)
... Removed 13 stack frames]]>
    </failure>
  </testcase> <!-- @BeforeClass ClassConfig -->
  <testcase classname="testngCrossbrowsrparallelExecu.baseclass" name="@AfterMethod Classteardown" time="-1.684433098203E9">
    <skipped/>
  </testcase> <!-- @AfterMethod Classteardown -->
  <testcase classname="testngCrossbrowsrparallelExecu.baseclass" name="@AfterMethod Classteardown" time="-1.684433098215E9">
    <skipped/>
  </testcase> <!-- @AfterMethod Classteardown -->
  <testcase classname="testngCrossbrowsrparallelExecu.parallelclass2" name="goog" time="0.0">
    <skipped/>
  </testcase> <!-- goog -->
  <testcase classname="testngCrossbrowsrparallelExecu.parallelClas" name="birthcerti" time="0.0">
    <skipped/>
  </testcase> <!-- birthcerti -->
  <testcase classname="testngCrossbrowsrparallelExecu.parallelClas" name="flip" time="0.0">
    <skipped/>
  </testcase> <!-- flip -->
</testsuite> <!-- Test3 -->
